Unable to capture context for thread 3416 in process 31980, can not generate back trace
Exception at PC 0x00007FFD5120AB89
Unable to capture context for thread 3416 in process 31980, can not generate back trace
Exception at PC 0x00007FFC59FFBB93
Printing stacktrace...

Exception at PC 0x00007FFD5120AB89
Exception at PC 0x00007FFD5120AB89
Exception at PC 0x00007FFD5120AB89
Exception at PC 0x00007FFD5120AB89
Exception at PC 0x00007FFD5120AB89
[0]  [0x00007FFC59FFBB93]
[1]  [0x00007FFC59FFBB93]
[2]  [0x00007FFC59FFB4A1]
[3]  [0x00007FFC59FFB3EF]
[4]  [0x00007FFC59FE19FE]
[5]  [0x00007FFC59FE0ED1]
[6]  [0x00007FFC59FE0D76]
[7]  [0x00007FFC59F879F6]
[8]  [0x00007FFC59F77AFB]
[9]  [0x00007FFC5A09E90A]
[10]  [0x00007FFC5A0B9F87]
[11]  [0x00007FFC5A0BA05F]
[12] (BaseThreadInitThunk+0x14) [0x00007FFD51BD7344]
[13] (RtlUserThreadStart+0x21) [0x00007FFD539A26B1]
Done
Exception at PC 0x00007FFD5120AB89
Exception at PC 0x00007FFD5120AB89
Exception at PC 0x00007FFD5120AB89
Exception at PC 0x00007FFD5120AB89
Exception at PC 0x00007FFD5120AB89
Exception at PC 0x00007FFD5120AB89
Exception at PC 0x00007FFD5120AB89
Exception at PC 0x00007FFD5120AB89
Exception at PC 0x00007FFD5120AB89
Exception at PC 0x00007FFD5120AB89
Exception at PC 0x00007FFD5120AB89
Exception at PC 0x00007FFD5120AB89
