
*** Running vivado
    with args -log TOP.vds -m64 -mode batch -messageDb vivado.pb -notrace -source TOP.tcl


****** Vivado v2016.2 (64-bit)
  **** SW Build 1577090 on Thu Jun  2 16:32:40 MDT 2016
  **** IP Build 1577682 on Fri Jun  3 12:00:54 MDT 2016
    ** Copyright 1986-2016 Xilinx, Inc. All Rights Reserved.

source TOP.tcl -notrace
WARNING: [Board 49-26] cannot add Board Part digilentinc.com:arty-s7-25:part0:1.0 available at C:/Xilinx/Vivado/2016.2/data/boards/board_files/arty-s7-25/E.0/board.xml as part xc7s25csga324-1 specified in board_part file is either invalid or not available
WARNING: [Board 49-26] cannot add Board Part digilentinc.com:arty-s7-50:part0:1.0 available at C:/Xilinx/Vivado/2016.2/data/boards/board_files/arty-s7-50/B.0/board.xml as part xc7s50csga324-1 specified in board_part file is either invalid or not available
WARNING: [Board 49-26] cannot add Board Part digilentinc.com:cmod-s7-25:part0:1.0 available at C:/Xilinx/Vivado/2016.2/data/boards/board_files/cmod-s7-25/B.0/board.xml as part xc7s25csga225-1 specified in board_part file is either invalid or not available
WARNING: [Board 49-26] cannot add Board Part digilentinc.com:cora-z7-07s:part0:1.0 available at C:/Xilinx/Vivado/2016.2/data/boards/board_files/cora-z7-07s/B.0/board.xml as part xc7z007sclg400-1 specified in board_part file is either invalid or not available
WARNING: [Board 49-26] cannot add Board Part digilentinc.com:genesys2:part0:1.1 available at C:/Xilinx/Vivado/2016.2/data/boards/board_files/genesys2/H/board.xml as part xc7k325tffg900-2 specified in board_part file is either invalid or not available
WARNING: [Board 49-26] cannot add Board Part digilentinc.com:gzu_3eg:part0:1.0 available at C:/Xilinx/Vivado/2016.2/data/boards/board_files/genesys-zu-3eg/B.0/board.xml as part xczu3eg-sfvc784-1-e specified in board_part file is either invalid or not available
WARNING: [Board 49-26] cannot add Board Part digilentinc.com:gzu_3eg:part0:1.1 available at C:/Xilinx/Vivado/2016.2/data/boards/board_files/genesys-zu-3eg/D.0/board.xml as part xczu3eg-sfvc784-1-e specified in board_part file is either invalid or not available
WARNING: [Board 49-26] cannot add Board Part digilentinc.com:gzu_5ev:part0:1.0 available at C:/Xilinx/Vivado/2016.2/data/boards/board_files/genesys-zu-5ev/C.0/board.xml as part xczu5ev-sfvc784-1-e specified in board_part file is either invalid or not available
WARNING: [Board 49-26] cannot add Board Part digilentinc.com:sword:part0:1.0 available at C:/Xilinx/Vivado/2016.2/data/boards/board_files/sword/C.0/board.xml as part xc7k325tffg900-2 specified in board_part file is either invalid or not available
Command: synth_design -top TOP -part xc7a100tcsg324-1
Starting synth_design
Attempting to get a license for feature 'Synthesis' and/or device 'xc7a100t'
INFO: [Common 17-349] Got license for feature 'Synthesis' and/or device 'xc7a100t'
INFO: Launching helper process for spawning children vivado processes
INFO: Helper process launched with PID 3404 
---------------------------------------------------------------------------------
Starting RTL Elaboration : Time (s): cpu = 00:00:02 ; elapsed = 00:00:08 . Memory (MB): peak = 300.941 ; gain = 93.910
---------------------------------------------------------------------------------
INFO: [Synth 8-638] synthesizing module 'TOP' [C:/Users/jonat/OneDrive/Desktop/CECS-361-8BitRiscProcessor/DIEGO/VERSION 4/project_final.srcs/sources_1/new/tempTOP.v:23]
INFO: [Synth 8-638] synthesizing module 'ALU' [C:/Users/jonat/OneDrive/Desktop/CECS-361-8BitRiscProcessor/DIEGO/VERSION 4/project_final.srcs/sources_1/new/ALU.v:23]
INFO: [Synth 8-638] synthesizing module 'AddSub_8bit' [C:/Users/jonat/OneDrive/Desktop/CECS-361-8BitRiscProcessor/DIEGO/VERSION 4/project_final.srcs/sources_1/new/AddSub_8bit.v:23]
INFO: [Synth 8-638] synthesizing module 'FA' [C:/Users/jonat/OneDrive/Desktop/CECS-361-8BitRiscProcessor/DIEGO/VERSION 4/FA.v:23]
INFO: [Synth 8-256] done synthesizing module 'FA' (1#1) [C:/Users/jonat/OneDrive/Desktop/CECS-361-8BitRiscProcessor/DIEGO/VERSION 4/FA.v:23]
INFO: [Synth 8-256] done synthesizing module 'AddSub_8bit' (2#1) [C:/Users/jonat/OneDrive/Desktop/CECS-361-8BitRiscProcessor/DIEGO/VERSION 4/project_final.srcs/sources_1/new/AddSub_8bit.v:23]
INFO: [Synth 8-638] synthesizing module 'ArrMult_8bit' [C:/Users/jonat/OneDrive/Desktop/CECS-361-8BitRiscProcessor/DIEGO/VERSION 4/project_final.srcs/sources_1/new/ArrMult_8bit.v:22]
INFO: [Synth 8-638] synthesizing module 'mux2to1' [C:/Users/jonat/OneDrive/Desktop/CECS-361-8BitRiscProcessor/DIEGO/VERSION 4/mux2to1.v:11]
INFO: [Synth 8-256] done synthesizing module 'mux2to1' (3#1) [C:/Users/jonat/OneDrive/Desktop/CECS-361-8BitRiscProcessor/DIEGO/VERSION 4/mux2to1.v:11]
INFO: [Synth 8-638] synthesizing module 'HA' [C:/Users/jonat/OneDrive/Desktop/CECS-361-8BitRiscProcessor/DIEGO/VERSION 4/HA.v:11]
INFO: [Synth 8-256] done synthesizing module 'HA' (4#1) [C:/Users/jonat/OneDrive/Desktop/CECS-361-8BitRiscProcessor/DIEGO/VERSION 4/HA.v:11]
INFO: [Synth 8-256] done synthesizing module 'ArrMult_8bit' (5#1) [C:/Users/jonat/OneDrive/Desktop/CECS-361-8BitRiscProcessor/DIEGO/VERSION 4/project_final.srcs/sources_1/new/ArrMult_8bit.v:22]
INFO: [Synth 8-226] default block is never used [C:/Users/jonat/OneDrive/Desktop/CECS-361-8BitRiscProcessor/DIEGO/VERSION 4/project_final.srcs/sources_1/new/ALU.v:60]
INFO: [Synth 8-256] done synthesizing module 'ALU' (6#1) [C:/Users/jonat/OneDrive/Desktop/CECS-361-8BitRiscProcessor/DIEGO/VERSION 4/project_final.srcs/sources_1/new/ALU.v:23]
INFO: [Synth 8-638] synthesizing module 'InstructionDecoder' [C:/Users/jonat/OneDrive/Desktop/CECS-361-8BitRiscProcessor/DIEGO/VERSION 4/project_final.srcs/sources_1/new/InstructionDecoder.v:23]
INFO: [Synth 8-256] done synthesizing module 'InstructionDecoder' (7#1) [C:/Users/jonat/OneDrive/Desktop/CECS-361-8BitRiscProcessor/DIEGO/VERSION 4/project_final.srcs/sources_1/new/InstructionDecoder.v:23]
INFO: [Synth 8-638] synthesizing module 'ControlUnit' [C:/Users/jonat/OneDrive/Desktop/CECS-361-8BitRiscProcessor/DIEGO/VERSION 4/project_final.srcs/sources_1/new/ControlUnit.v:23]
INFO: [Synth 8-155] case statement is not full and has no default [C:/Users/jonat/OneDrive/Desktop/CECS-361-8BitRiscProcessor/DIEGO/VERSION 4/project_final.srcs/sources_1/new/ControlUnit.v:54]
INFO: [Synth 8-256] done synthesizing module 'ControlUnit' (8#1) [C:/Users/jonat/OneDrive/Desktop/CECS-361-8BitRiscProcessor/DIEGO/VERSION 4/project_final.srcs/sources_1/new/ControlUnit.v:23]
INFO: [Synth 8-638] synthesizing module 'Register' [C:/Users/jonat/OneDrive/Desktop/CECS-361-8BitRiscProcessor/DIEGO/VERSION 4/project_final.srcs/sources_1/new/Register.v:23]
INFO: [Synth 8-256] done synthesizing module 'Register' (9#1) [C:/Users/jonat/OneDrive/Desktop/CECS-361-8BitRiscProcessor/DIEGO/VERSION 4/project_final.srcs/sources_1/new/Register.v:23]
INFO: [Synth 8-638] synthesizing module 'digit_Sep' [C:/Users/jonat/OneDrive/Desktop/CECS-361-8BitRiscProcessor/DIEGO/VERSION 4/project_final.srcs/sources_1/new/digit_Sep.v:23]
INFO: [Synth 8-256] done synthesizing module 'digit_Sep' (10#1) [C:/Users/jonat/OneDrive/Desktop/CECS-361-8BitRiscProcessor/DIEGO/VERSION 4/project_final.srcs/sources_1/new/digit_Sep.v:23]
INFO: [Synth 8-638] synthesizing module 'time_multiplexer' [C:/Users/jonat/OneDrive/Desktop/CECS-361-8BitRiscProcessor/DIEGO/VERSION 4/project_final.srcs/sources_1/new/time_multiplexer.v:23]
	Parameter N bound to: 20 - type: integer 
INFO: [Synth 8-638] synthesizing module 'BCD_to7Seg' [C:/Users/jonat/OneDrive/Desktop/CECS-361-8BitRiscProcessor/DIEGO/VERSION 4/project_final.srcs/sources_1/new/BCD_to7Seg.v:23]
INFO: [Synth 8-256] done synthesizing module 'BCD_to7Seg' (11#1) [C:/Users/jonat/OneDrive/Desktop/CECS-361-8BitRiscProcessor/DIEGO/VERSION 4/project_final.srcs/sources_1/new/BCD_to7Seg.v:23]
INFO: [Synth 8-256] done synthesizing module 'time_multiplexer' (12#1) [C:/Users/jonat/OneDrive/Desktop/CECS-361-8BitRiscProcessor/DIEGO/VERSION 4/project_final.srcs/sources_1/new/time_multiplexer.v:23]
INFO: [Synth 8-256] done synthesizing module 'TOP' (13#1) [C:/Users/jonat/OneDrive/Desktop/CECS-361-8BitRiscProcessor/DIEGO/VERSION 4/project_final.srcs/sources_1/new/tempTOP.v:23]
---------------------------------------------------------------------------------
Finished RTL Elaboration : Time (s): cpu = 00:00:03 ; elapsed = 00:00:09 . Memory (MB): peak = 338.480 ; gain = 131.449
---------------------------------------------------------------------------------

Report Check Netlist: 
+------+------------------+-------+---------+-------+------------------+
|      |Item              |Errors |Warnings |Status |Description       |
+------+------------------+-------+---------+-------+------------------+
|1     |multi_driven_nets |      0|        0|Passed |Multi driven nets |
+------+------------------+-------+---------+-------+------------------+
---------------------------------------------------------------------------------
Finished RTL Optimization Phase 1 : Time (s): cpu = 00:00:03 ; elapsed = 00:00:10 . Memory (MB): peak = 338.480 ; gain = 131.449
---------------------------------------------------------------------------------
INFO: [Device 21-403] Loading part xc7a100tcsg324-1
INFO: [Project 1-570] Preparing netlist for logic optimization

Processing XDC Constraints
Initializing timing engine
Parsing XDC File [C:/Users/jonat/OneDrive/Desktop/CECS-361-8BitRiscProcessor/DIEGO/VERSION 4/NexysA7-100t.xdc]
Finished Parsing XDC File [C:/Users/jonat/OneDrive/Desktop/CECS-361-8BitRiscProcessor/DIEGO/VERSION 4/NexysA7-100t.xdc]
INFO: [Project 1-236] Implementation specific constraints were found while reading constraint file [C:/Users/jonat/OneDrive/Desktop/CECS-361-8BitRiscProcessor/DIEGO/VERSION 4/NexysA7-100t.xdc]. These constraints will be ignored for synthesis but will be used in implementation. Impacted constraints are listed in the file [.Xil/TOP_propImpl.xdc].
Resolution: To avoid this warning, move constraints listed in [.Xil/TOP_propImpl.xdc] to another XDC file and exclude this new file from synthesis with the used_in_synthesis property (File Properties dialog in GUI) and re-run elaboration/synthesis.
Completed Processing XDC Constraints

INFO: [Project 1-111] Unisim Transformation Summary:
No Unisim elements were transformed.

Constraint Validation Runtime : Time (s): cpu = 00:00:00 ; elapsed = 00:00:00 . Memory (MB): peak = 642.668 ; gain = 0.000
---------------------------------------------------------------------------------
Finished Constraint Validation : Time (s): cpu = 00:00:06 ; elapsed = 00:00:18 . Memory (MB): peak = 642.668 ; gain = 435.637
---------------------------------------------------------------------------------
---------------------------------------------------------------------------------
Start Loading Part and Timing Information
---------------------------------------------------------------------------------
Loading part: xc7a100tcsg324-1
---------------------------------------------------------------------------------
Finished Loading Part and Timing Information : Time (s): cpu = 00:00:06 ; elapsed = 00:00:18 . Memory (MB): peak = 642.668 ; gain = 435.637
---------------------------------------------------------------------------------
---------------------------------------------------------------------------------
Start Applying 'set_property' XDC Constraints
---------------------------------------------------------------------------------
---------------------------------------------------------------------------------
Finished applying 'set_property' XDC Constraints : Time (s): cpu = 00:00:06 ; elapsed = 00:00:18 . Memory (MB): peak = 642.668 ; gain = 435.637
---------------------------------------------------------------------------------
WARNING: [Synth 8-327] inferring latch for variable 'alu_op_reg' [C:/Users/jonat/OneDrive/Desktop/CECS-361-8BitRiscProcessor/DIEGO/VERSION 4/project_final.srcs/sources_1/new/ControlUnit.v:56]
WARNING: [Synth 8-327] inferring latch for variable 'read_reg' [C:/Users/jonat/OneDrive/Desktop/CECS-361-8BitRiscProcessor/DIEGO/VERSION 4/project_final.srcs/sources_1/new/ControlUnit.v:57]
WARNING: [Synth 8-327] inferring latch for variable 'write_reg' [C:/Users/jonat/OneDrive/Desktop/CECS-361-8BitRiscProcessor/DIEGO/VERSION 4/project_final.srcs/sources_1/new/ControlUnit.v:58]
WARNING: [Synth 8-327] inferring latch for variable 'cathode_reg' [C:/Users/jonat/OneDrive/Desktop/CECS-361-8BitRiscProcessor/DIEGO/VERSION 4/project_final.srcs/sources_1/new/time_multiplexer.v:62]
---------------------------------------------------------------------------------
Finished RTL Optimization Phase 2 : Time (s): cpu = 00:00:06 ; elapsed = 00:00:19 . Memory (MB): peak = 642.668 ; gain = 435.637
---------------------------------------------------------------------------------

Report RTL Partitions: 
+-+--------------+------------+----------+
| |RTL Partition |Replication |Instances |
+-+--------------+------------+----------+
+-+--------------+------------+----------+
---------------------------------------------------------------------------------
Start RTL Component Statistics 
---------------------------------------------------------------------------------
Detailed RTL Component Info : 
+---Adders : 
	   2 Input      2 Bit       Adders := 8     
	   2 Input      1 Bit       Adders := 64    
+---XORs : 
	   2 Input      1 Bit         XORs := 148   
+---Registers : 
	               16 Bit    Registers := 2     
+---Muxes : 
	   4 Input     16 Bit        Muxes := 1     
	   2 Input     16 Bit        Muxes := 3     
	  11 Input      8 Bit        Muxes := 5     
	   8 Input      8 Bit        Muxes := 1     
	   6 Input      3 Bit        Muxes := 1     
	   2 Input      1 Bit        Muxes := 64    
	   8 Input      1 Bit        Muxes := 5     
---------------------------------------------------------------------------------
Finished RTL Component Statistics 
---------------------------------------------------------------------------------
---------------------------------------------------------------------------------
Start RTL Hierarchical Component Statistics 
---------------------------------------------------------------------------------
Hierarchical RTL Component report 
Module FA 
Detailed RTL Component Info : 
+---Adders : 
	   2 Input      1 Bit       Adders := 1     
+---XORs : 
	   2 Input      1 Bit         XORs := 2     
Module AddSub_8bit 
Detailed RTL Component Info : 
+---XORs : 
	   2 Input      1 Bit         XORs := 10    
Module mux2to1 
Detailed RTL Component Info : 
+---Muxes : 
	   2 Input      1 Bit        Muxes := 1     
Module HA 
Detailed RTL Component Info : 
+---Adders : 
	   2 Input      2 Bit       Adders := 1     
Module ALU 
Detailed RTL Component Info : 
+---Muxes : 
	   4 Input     16 Bit        Muxes := 1     
Module InstructionDecoder 
Detailed RTL Component Info : 
+---Muxes : 
	   6 Input      3 Bit        Muxes := 1     
Module ControlUnit 
Detailed RTL Component Info : 
+---Muxes : 
	   8 Input      1 Bit        Muxes := 4     
Module Register 
Detailed RTL Component Info : 
+---Registers : 
	               16 Bit    Registers := 2     
+---Muxes : 
	   2 Input     16 Bit        Muxes := 3     
Module BCD_to7Seg 
Detailed RTL Component Info : 
+---Muxes : 
	  11 Input      8 Bit        Muxes := 1     
Module time_multiplexer 
Detailed RTL Component Info : 
+---Muxes : 
	   8 Input      8 Bit        Muxes := 1     
	   8 Input      1 Bit        Muxes := 1     
---------------------------------------------------------------------------------
Finished RTL Hierarchical Component Statistics
---------------------------------------------------------------------------------
---------------------------------------------------------------------------------
Start Part Resource Summary
---------------------------------------------------------------------------------
Part Resources:
DSPs: 240 (col length:80)
BRAMs: 270 (col length: RAMB18 80 RAMB36 40)
---------------------------------------------------------------------------------
Finished Part Resource Summary
---------------------------------------------------------------------------------
Start Parallel Synthesis Optimization  : Time (s): cpu = 00:00:06 ; elapsed = 00:00:19 . Memory (MB): peak = 642.668 ; gain = 435.637
---------------------------------------------------------------------------------
Start Cross Boundary Optimization
---------------------------------------------------------------------------------
INFO: [Synth 8-41] '+' operator could not be merged with '+' operator due to loss of accuracy [C:/Users/jonat/OneDrive/Desktop/CECS-361-8BitRiscProcessor/DIEGO/VERSION 4/HA.v:18]
---------------------------------------------------------------------------------
Finished Cross Boundary Optimization : Time (s): cpu = 00:00:06 ; elapsed = 00:00:20 . Memory (MB): peak = 642.668 ; gain = 435.637
---------------------------------------------------------------------------------
Finished Parallel Reinference  : Time (s): cpu = 00:00:06 ; elapsed = 00:00:20 . Memory (MB): peak = 642.668 ; gain = 435.637

Report RTL Partitions: 
+-+--------------+------------+----------+
| |RTL Partition |Replication |Instances |
+-+--------------+------------+----------+
+-+--------------+------------+----------+
---------------------------------------------------------------------------------
Start Area Optimization
---------------------------------------------------------------------------------
INFO: [Synth 8-3333] propagating constant 1 across sequential element (\inst_time_mux/cathode_reg[7] )
WARNING: [Synth 8-3332] Sequential element (inst_time_mux/cathode_reg[7]) is unused and will be removed from module TOP.
---------------------------------------------------------------------------------
Finished Area Optimization : Time (s): cpu = 00:00:08 ; elapsed = 00:00:26 . Memory (MB): peak = 642.668 ; gain = 435.637
---------------------------------------------------------------------------------
Finished Parallel Area Optimization  : Time (s): cpu = 00:00:08 ; elapsed = 00:00:26 . Memory (MB): peak = 642.668 ; gain = 435.637

Report RTL Partitions: 
+-+--------------+------------+----------+
| |RTL Partition |Replication |Instances |
+-+--------------+------------+----------+
+-+--------------+------------+----------+
---------------------------------------------------------------------------------
Start Timing Optimization
---------------------------------------------------------------------------------
---------------------------------------------------------------------------------
Start Applying XDC Timing Constraints
---------------------------------------------------------------------------------
---------------------------------------------------------------------------------
Finished Applying XDC Timing Constraints : Time (s): cpu = 00:00:13 ; elapsed = 00:00:37 . Memory (MB): peak = 642.668 ; gain = 435.637
---------------------------------------------------------------------------------
---------------------------------------------------------------------------------
Finished Timing Optimization : Time (s): cpu = 00:00:14 ; elapsed = 00:00:40 . Memory (MB): peak = 752.684 ; gain = 545.652
---------------------------------------------------------------------------------

Report RTL Partitions: 
+-+--------------+------------+----------+
| |RTL Partition |Replication |Instances |
+-+--------------+------------+----------+
+-+--------------+------------+----------+
---------------------------------------------------------------------------------
Start Technology Mapping
---------------------------------------------------------------------------------
WARNING: [Synth 8-3332] Sequential element (cu/read_reg) is unused and will be removed from module TOP.
WARNING: [Synth 8-3332] Sequential element (cu/write_reg) is unused and will be removed from module TOP.
---------------------------------------------------------------------------------
Finished Technology Mapping : Time (s): cpu = 00:00:14 ; elapsed = 00:00:41 . Memory (MB): peak = 752.684 ; gain = 545.652
---------------------------------------------------------------------------------
Finished Parallel Technology Mapping Optimization  : Time (s): cpu = 00:00:14 ; elapsed = 00:00:41 . Memory (MB): peak = 752.684 ; gain = 545.652

Report RTL Partitions: 
+-+--------------+------------+----------+
| |RTL Partition |Replication |Instances |
+-+--------------+------------+----------+
+-+--------------+------------+----------+
Finished Parallel Synthesis Optimization  : Time (s): cpu = 00:00:14 ; elapsed = 00:00:41 . Memory (MB): peak = 752.684 ; gain = 545.652
---------------------------------------------------------------------------------
Start IO Insertion
---------------------------------------------------------------------------------
---------------------------------------------------------------------------------
Start Flattening Before IO Insertion
---------------------------------------------------------------------------------
---------------------------------------------------------------------------------
Finished Flattening Before IO Insertion
---------------------------------------------------------------------------------
---------------------------------------------------------------------------------
Start Final Netlist Cleanup
---------------------------------------------------------------------------------
---------------------------------------------------------------------------------
Finished Final Netlist Cleanup
---------------------------------------------------------------------------------
---------------------------------------------------------------------------------
Finished IO Insertion : Time (s): cpu = 00:00:14 ; elapsed = 00:00:41 . Memory (MB): peak = 752.684 ; gain = 545.652
---------------------------------------------------------------------------------

Report Check Netlist: 
+------+------------------+-------+---------+-------+------------------+
|      |Item              |Errors |Warnings |Status |Description       |
+------+------------------+-------+---------+-------+------------------+
|1     |multi_driven_nets |      0|        0|Passed |Multi driven nets |
+------+------------------+-------+---------+-------+------------------+
---------------------------------------------------------------------------------
Start Renaming Generated Instances
---------------------------------------------------------------------------------
---------------------------------------------------------------------------------
Finished Renaming Generated Instances : Time (s): cpu = 00:00:14 ; elapsed = 00:00:41 . Memory (MB): peak = 752.684 ; gain = 545.652
---------------------------------------------------------------------------------

Report RTL Partitions: 
+-+--------------+------------+----------+
| |RTL Partition |Replication |Instances |
+-+--------------+------------+----------+
+-+--------------+------------+----------+
---------------------------------------------------------------------------------
Start Rebuilding User Hierarchy
---------------------------------------------------------------------------------
---------------------------------------------------------------------------------
Finished Rebuilding User Hierarchy : Time (s): cpu = 00:00:14 ; elapsed = 00:00:41 . Memory (MB): peak = 752.684 ; gain = 545.652
---------------------------------------------------------------------------------
---------------------------------------------------------------------------------
Start Renaming Generated Ports
---------------------------------------------------------------------------------
---------------------------------------------------------------------------------
Finished Renaming Generated Ports : Time (s): cpu = 00:00:14 ; elapsed = 00:00:41 . Memory (MB): peak = 752.684 ; gain = 545.652
---------------------------------------------------------------------------------
---------------------------------------------------------------------------------
Start Handling Custom Attributes
---------------------------------------------------------------------------------
---------------------------------------------------------------------------------
Finished Handling Custom Attributes : Time (s): cpu = 00:00:14 ; elapsed = 00:00:41 . Memory (MB): peak = 752.684 ; gain = 545.652
---------------------------------------------------------------------------------
---------------------------------------------------------------------------------
Start Renaming Generated Nets
---------------------------------------------------------------------------------
---------------------------------------------------------------------------------
Finished Renaming Generated Nets : Time (s): cpu = 00:00:14 ; elapsed = 00:00:41 . Memory (MB): peak = 752.684 ; gain = 545.652
---------------------------------------------------------------------------------
---------------------------------------------------------------------------------
Start Writing Synthesis Report
---------------------------------------------------------------------------------

Report BlackBoxes: 
+-+--------------+----------+
| |BlackBox name |Instances |
+-+--------------+----------+
+-+--------------+----------+

Report Cell Usage: 
+------+-------+------+
|      |Cell   |Count |
+------+-------+------+
|1     |BUFG   |     1|
|2     |CARRY4 |     5|
|3     |LUT1   |    20|
|4     |LUT2   |    33|
|5     |LUT3   |    44|
|6     |LUT4   |    78|
|7     |LUT5   |    36|
|8     |LUT6   |   148|
|9     |FDRE   |    52|
|10    |LD     |     9|
|11    |IBUF   |    22|
|12    |OBUF   |    16|
+------+-------+------+

Report Instance Areas: 
+------+----------------+-----------------+------+
|      |Instance        |Module           |Cells |
+------+----------------+-----------------+------+
|1     |top             |                 |   464|
|2     |  cu            |ControlUnit      |    54|
|3     |  inst_time_mux |time_multiplexer |    64|
|4     |  register      |Register         |   307|
+------+----------------+-----------------+------+
---------------------------------------------------------------------------------
Finished Writing Synthesis Report : Time (s): cpu = 00:00:14 ; elapsed = 00:00:41 . Memory (MB): peak = 752.684 ; gain = 545.652
---------------------------------------------------------------------------------
Synthesis finished with 0 errors, 0 critical warnings and 7 warnings.
Synthesis Optimization Runtime : Time (s): cpu = 00:00:09 ; elapsed = 00:00:31 . Memory (MB): peak = 752.684 ; gain = 224.500
Synthesis Optimization Complete : Time (s): cpu = 00:00:14 ; elapsed = 00:00:42 . Memory (MB): peak = 752.684 ; gain = 545.652
INFO: [Project 1-571] Translating synthesized netlist
INFO: [Netlist 29-17] Analyzing 36 Unisim elements for replacement
INFO: [Netlist 29-28] Unisim Transformation completed in 0 CPU seconds
INFO: [Project 1-570] Preparing netlist for logic optimization
INFO: [Opt 31-138] Pushed 0 inverter(s) to 0 load pin(s).
INFO: [Project 1-111] Unisim Transformation Summary:
  A total of 9 instances were transformed.
  LD => LDCE: 9 instances

INFO: [Common 17-83] Releasing license: Synthesis
42 Infos, 16 Warnings, 0 Critical Warnings and 0 Errors encountered.
synth_design completed successfully
synth_design: Time (s): cpu = 00:00:14 ; elapsed = 00:00:38 . Memory (MB): peak = 752.684 ; gain = 530.316
report_utilization: Time (s): cpu = 00:00:00 ; elapsed = 00:00:00.032 . Memory (MB): peak = 752.684 ; gain = 0.000
INFO: [Common 17-206] Exiting Vivado at Fri May 03 18:27:26 2024...
