#-----------------------------------------------------------
# Vivado v2016.2 (64-bit)
# SW Build 1577090 on Thu Jun  2 16:32:40 MDT 2016
# IP Build 1577682 on Fri Jun  3 12:00:54 MDT 2016
# Start of session at: Thu May 02 13:02:27 2024
# Process ID: 10788
# Current directory: C:/Users/jonat/OneDrive/Desktop/CECS-361-8BitRiscProcessor/DIEGO/WITH CU AND DECODER
# Command line: vivado.exe -gui_launcher_event rodinguilauncherevent44140 C:\Users\jonat\OneDrive\Desktop\CECS-361-8BitRiscProcessor\DIEGO\WITH CU AND DECODER\project_final.xpr
# Log file: C:/Users/jonat/OneDrive/Desktop/CECS-361-8BitRiscProcessor/DIEGO/WITH CU AND DECODER/vivado.log
# Journal file: C:/Users/jonat/OneDrive/Desktop/CECS-361-8BitRiscProcessor/DIEGO/WITH CU AND DECODER\vivado.jou
#-----------------------------------------------------------
start_gui
open_project {C:/Users/jonat/OneDrive/Desktop/CECS-361-8BitRiscProcessor/DIEGO/WITH CU AND DECODER/project_final.xpr}
INFO: [ProjectBase 1-489] The host OS only allows 260 characters in a normal path. The project is stored in a path with more than 80 characters. If you experience issues with IP, Block Designs, or files not being found, please consider moving the project to a location with a shorter path. Alternately consider using the OS subst command to map part of the path to a drive letter.
Current project path is 'C:/Users/jonat/OneDrive/Desktop/CECS-361-8BitRiscProcessor/DIEGO/WITH CU AND DECODER'
Scanning sources...
Finished scanning sources
INFO: [IP_Flow 19-234] Refreshing IP repositories
INFO: [IP_Flow 19-1704] No user IP repositories specified
INFO: [IP_Flow 19-2313] Loaded Vivado IP repository 'C:/Xilinx/Vivado/2016.2/data/ip'.
open_project: Time (s): cpu = 00:00:17 ; elapsed = 00:00:12 . Memory (MB): peak = 836.551 ; gain = 164.559
update_compile_order -fileset sources_1
reset_run synth_1
launch_runs impl_1 -to_step write_bitstream
[Thu May 02 13:05:03 2024] Launched synth_1...
Run output will be captured here: C:/Users/jonat/OneDrive/Desktop/CECS-361-8BitRiscProcessor/DIEGO/WITH CU AND DECODER/project_final.runs/synth_1/runme.log
[Thu May 02 13:05:03 2024] Launched impl_1...
Run output will be captured here: C:/Users/jonat/OneDrive/Desktop/CECS-361-8BitRiscProcessor/DIEGO/WITH CU AND DECODER/project_final.runs/impl_1/runme.log
open_hw
connect_hw_server
INFO: [Labtools 27-2285] Connecting to hw_server url TCP:localhost:3121
open_hw_target
INFO: [Labtoolstcl 44-466] Opening hw_target localhost:3121/xilinx_tcf/Digilent/210292B0EEE0A
set_property PROGRAM.FILE {C:/Users/jonat/OneDrive/Desktop/CECS-361-8BitRiscProcessor/DIEGO/WITH CU AND DECODER/project_final.runs/impl_1/TOP.bit} [lindex [get_hw_devices] 0]
current_hw_device [lindex [get_hw_devices] 0]
refresh_hw_device -update_hw_probes false [lindex [get_hw_devices] 0]
INFO: [Labtools 27-1434] Device xc7a100t (JTAG device index = 0) is programmed with a design that has no supported debug core(s) in it.
WARNING: [Labtools 27-3123] The debug hub core was not detected at User Scan Chain 1 or 3.
Resolution: 
1. Make sure the clock connected to the debug hub (dbg_hub) core is a free running clock and is active OR
2. Manually launch hw_server with -e "set xsdb-user-bscan <C_USER_SCAN_CHAIN scan_chain_number>" to detect the debug hub at User Scan Chain of 2 or 4. To determine the user scan chain setting, open the implemented design and use: get_property C_USER_SCAN_CHAIN [get_debug_cores dbg_hub].
set_property PROBES.FILE {} [lindex [get_hw_devices] 0]
set_property PROGRAM.FILE {C:/Users/jonat/OneDrive/Desktop/CECS-361-8BitRiscProcessor/DIEGO/WITH CU AND DECODER/project_final.runs/impl_1/TOP.bit} [lindex [get_hw_devices] 0]
program_hw_devices [lindex [get_hw_devices] 0]
INFO: [Labtools 27-3164] End of startup status: HIGH
refresh_hw_device [lindex [get_hw_devices] 0]
INFO: [Labtools 27-1434] Device xc7a100t (JTAG device index = 0) is programmed with a design that has no supported debug core(s) in it.
WARNING: [Labtools 27-3123] The debug hub core was not detected at User Scan Chain 1 or 3.
Resolution: 
1. Make sure the clock connected to the debug hub (dbg_hub) core is a free running clock and is active OR
2. Manually launch hw_server with -e "set xsdb-user-bscan <C_USER_SCAN_CHAIN scan_chain_number>" to detect the debug hub at User Scan Chain of 2 or 4. To determine the user scan chain setting, open the implemented design and use: get_property C_USER_SCAN_CHAIN [get_debug_cores dbg_hub].
ERROR: [Labtoolstcl 44-513] HW Target shutdown. Closing target: localhost:3121/xilinx_tcf/Digilent/210292B0EEE0A
synth_design -rtl -name rtl_1
Command: synth_design -rtl -name rtl_1
Starting synth_design
Using part: xc7a100tcsg324-1
Top: TOP
---------------------------------------------------------------------------------
Starting RTL Elaboration : Time (s): cpu = 00:01:08 ; elapsed = 00:44:10 . Memory (MB): peak = 975.602 ; gain = 768.168
---------------------------------------------------------------------------------
INFO: [Synth 8-638] synthesizing module 'TOP' [C:/Users/jonat/OneDrive/Desktop/CECS-361-8BitRiscProcessor/DIEGO/WITH CU AND DECODER/project_final.srcs/sources_1/new/tempTOP.v:23]
INFO: [Synth 8-638] synthesizing module 'ALU' [C:/Users/jonat/OneDrive/Desktop/CECS-361-8BitRiscProcessor/DIEGO/WITH CU AND DECODER/project_final.srcs/sources_1/new/ALU.v:23]
INFO: [Synth 8-638] synthesizing module 'AddSub_8bit' [C:/Users/jonat/OneDrive/Desktop/CECS-361-8BitRiscProcessor/DIEGO/WITH CU AND DECODER/project_final.srcs/sources_1/new/AddSub_8bit.v:23]
INFO: [Synth 8-638] synthesizing module 'FA' [C:/Users/jonat/OneDrive/Desktop/CECS-361-8BitRiscProcessor/DIEGO/WITH CU AND DECODER/FA.v:23]
INFO: [Synth 8-256] done synthesizing module 'FA' (1#1) [C:/Users/jonat/OneDrive/Desktop/CECS-361-8BitRiscProcessor/DIEGO/WITH CU AND DECODER/FA.v:23]
INFO: [Synth 8-256] done synthesizing module 'AddSub_8bit' (2#1) [C:/Users/jonat/OneDrive/Desktop/CECS-361-8BitRiscProcessor/DIEGO/WITH CU AND DECODER/project_final.srcs/sources_1/new/AddSub_8bit.v:23]
INFO: [Synth 8-226] default block is never used [C:/Users/jonat/OneDrive/Desktop/CECS-361-8BitRiscProcessor/DIEGO/WITH CU AND DECODER/project_final.srcs/sources_1/new/ALU.v:60]
INFO: [Synth 8-256] done synthesizing module 'ALU' (3#1) [C:/Users/jonat/OneDrive/Desktop/CECS-361-8BitRiscProcessor/DIEGO/WITH CU AND DECODER/project_final.srcs/sources_1/new/ALU.v:23]
INFO: [Synth 8-638] synthesizing module 'InstructionDecoder' [C:/Users/jonat/OneDrive/Desktop/CECS-361-8BitRiscProcessor/DIEGO/WITH CU AND DECODER/project_final.srcs/sources_1/new/InstructionDecoder.v:23]
INFO: [Synth 8-256] done synthesizing module 'InstructionDecoder' (4#1) [C:/Users/jonat/OneDrive/Desktop/CECS-361-8BitRiscProcessor/DIEGO/WITH CU AND DECODER/project_final.srcs/sources_1/new/InstructionDecoder.v:23]
WARNING: [Synth 8-689] width (4) of port connection 'opcode' does not match port width (3) of module 'InstructionDecoder' [C:/Users/jonat/OneDrive/Desktop/CECS-361-8BitRiscProcessor/DIEGO/WITH CU AND DECODER/project_final.srcs/sources_1/new/tempTOP.v:45]
INFO: [Synth 8-638] synthesizing module 'ControlUnit' [C:/Users/jonat/OneDrive/Desktop/CECS-361-8BitRiscProcessor/DIEGO/WITH CU AND DECODER/project_final.srcs/sources_1/new/ControlUnit.v:23]
INFO: [Synth 8-155] case statement is not full and has no default [C:/Users/jonat/OneDrive/Desktop/CECS-361-8BitRiscProcessor/DIEGO/WITH CU AND DECODER/project_final.srcs/sources_1/new/ControlUnit.v:53]
INFO: [Synth 8-256] done synthesizing module 'ControlUnit' (5#1) [C:/Users/jonat/OneDrive/Desktop/CECS-361-8BitRiscProcessor/DIEGO/WITH CU AND DECODER/project_final.srcs/sources_1/new/ControlUnit.v:23]
WARNING: [Synth 8-689] width (4) of port connection 'opcode' does not match port width (3) of module 'ControlUnit' [C:/Users/jonat/OneDrive/Desktop/CECS-361-8BitRiscProcessor/DIEGO/WITH CU AND DECODER/project_final.srcs/sources_1/new/tempTOP.v:46]
INFO: [Synth 8-638] synthesizing module 'digit_Sep' [C:/Users/jonat/OneDrive/Desktop/CECS-361-8BitRiscProcessor/DIEGO/WITH CU AND DECODER/project_final.srcs/sources_1/new/digit_Sep.v:23]
INFO: [Synth 8-256] done synthesizing module 'digit_Sep' (6#1) [C:/Users/jonat/OneDrive/Desktop/CECS-361-8BitRiscProcessor/DIEGO/WITH CU AND DECODER/project_final.srcs/sources_1/new/digit_Sep.v:23]
INFO: [Synth 8-638] synthesizing module 'time_multiplexer' [C:/Users/jonat/OneDrive/Desktop/CECS-361-8BitRiscProcessor/DIEGO/WITH CU AND DECODER/project_final.srcs/sources_1/new/time_multiplexer.v:23]
	Parameter N bound to: 19 - type: integer 
INFO: [Synth 8-638] synthesizing module 'BCD_to7Seg' [C:/Users/jonat/OneDrive/Desktop/CECS-361-8BitRiscProcessor/DIEGO/WITH CU AND DECODER/project_final.srcs/sources_1/new/BCD_to7Seg.v:23]
INFO: [Synth 8-256] done synthesizing module 'BCD_to7Seg' (7#1) [C:/Users/jonat/OneDrive/Desktop/CECS-361-8BitRiscProcessor/DIEGO/WITH CU AND DECODER/project_final.srcs/sources_1/new/BCD_to7Seg.v:23]
INFO: [Synth 8-256] done synthesizing module 'time_multiplexer' (8#1) [C:/Users/jonat/OneDrive/Desktop/CECS-361-8BitRiscProcessor/DIEGO/WITH CU AND DECODER/project_final.srcs/sources_1/new/time_multiplexer.v:23]
WARNING: [Synth 8-3848] Net previous in module/entity TOP does not have driver. [C:/Users/jonat/OneDrive/Desktop/CECS-361-8BitRiscProcessor/DIEGO/WITH CU AND DECODER/project_final.srcs/sources_1/new/tempTOP.v:45]
INFO: [Synth 8-256] done synthesizing module 'TOP' (9#1) [C:/Users/jonat/OneDrive/Desktop/CECS-361-8BitRiscProcessor/DIEGO/WITH CU AND DECODER/project_final.srcs/sources_1/new/tempTOP.v:23]
---------------------------------------------------------------------------------
Finished RTL Elaboration : Time (s): cpu = 00:01:08 ; elapsed = 00:44:11 . Memory (MB): peak = 1002.660 ; gain = 795.227
---------------------------------------------------------------------------------

Report Check Netlist: 
+------+------------------+-------+---------+-------+------------------+
|      |Item              |Errors |Warnings |Status |Description       |
+------+------------------+-------+---------+-------+------------------+
|1     |multi_driven_nets |      0|        0|Passed |Multi driven nets |
+------+------------------+-------+---------+-------+------------------+
WARNING: [Synth 8-3295] tying undriven pin inst_dec:prev to constant 0 [C:/Users/jonat/OneDrive/Desktop/CECS-361-8BitRiscProcessor/DIEGO/WITH CU AND DECODER/project_final.srcs/sources_1/new/tempTOP.v:45]
---------------------------------------------------------------------------------
Finished RTL Optimization Phase 1 : Time (s): cpu = 00:01:08 ; elapsed = 00:44:11 . Memory (MB): peak = 1002.660 ; gain = 795.227
---------------------------------------------------------------------------------
INFO: [Device 21-403] Loading part xc7a100tcsg324-1
INFO: [Project 1-570] Preparing netlist for logic optimization

Processing XDC Constraints
Initializing timing engine
Parsing XDC File [C:/Users/jonat/OneDrive/Desktop/CECS-361-8BitRiscProcessor/DIEGO/WITH CU AND DECODER/NexysA7-100t.xdc]
Finished Parsing XDC File [C:/Users/jonat/OneDrive/Desktop/CECS-361-8BitRiscProcessor/DIEGO/WITH CU AND DECODER/NexysA7-100t.xdc]
Completed Processing XDC Constraints

INFO: [Opt 31-138] Pushed 0 inverter(s) to 0 load pin(s).
INFO: [Project 1-111] Unisim Transformation Summary:
No Unisim elements were transformed.

RTL Elaboration Complete:  : Time (s): cpu = 00:01:15 ; elapsed = 00:44:28 . Memory (MB): peak = 1308.684 ; gain = 1101.250
24 Infos, 4 Warnings, 0 Critical Warnings and 0 Errors encountered.
synth_design completed successfully
synth_design: Time (s): cpu = 00:00:10 ; elapsed = 00:00:21 . Memory (MB): peak = 1308.684 ; gain = 356.293
INFO: [Labtoolstcl 44-466] Opening hw_target localhost:3121/xilinx_tcf/Digilent/210292B0EEE0A
ERROR: [Labtools 27-2269] No devices detected on target localhost:3121/xilinx_tcf/Digilent/210292B0EEE0A.
Check cable connectivity and that the target board is powered up then
use the disconnect_hw_server and connect_hw_server to re-register this hardware target.
ERROR: [Common 17-39] 'open_hw_target' failed due to earlier errors.
reset_run impl_1 -prev_step 
launch_runs impl_1 -to_step write_bitstream
[Thu May 02 14:19:26 2024] Launched impl_1...
Run output will be captured here: C:/Users/jonat/OneDrive/Desktop/CECS-361-8BitRiscProcessor/DIEGO/WITH CU AND DECODER/project_final.runs/impl_1/runme.log
refresh_hw_target {localhost:3121/xilinx_tcf/Digilent/210292B0EEE0A}
ERROR: [Labtools 27-2269] No devices detected on target localhost:3121/xilinx_tcf/Digilent/210292B0EEE0A.
Check cable connectivity and that the target board is powered up then
use the disconnect_hw_server and connect_hw_server to re-register this hardware target.
ERROR: [Common 17-39] 'refresh_hw_target' failed due to earlier errors.
close_hw_target {localhost:3121/xilinx_tcf/Digilent/210292B0EEE0A}
INFO: [Labtoolstcl 44-464] Closing hw_target localhost:3121/xilinx_tcf/Digilent/210292B0EEE0A
disconnect_hw_server localhost:3121
connect_hw_server
INFO: [Labtools 27-2285] Connecting to hw_server url TCP:localhost:3121
open_hw_target
INFO: [Labtoolstcl 44-466] Opening hw_target localhost:3121/xilinx_tcf/Digilent/210292B0EEE0A
ERROR: [Labtools 27-2269] No devices detected on target localhost:3121/xilinx_tcf/Digilent/210292B0EEE0A.
Check cable connectivity and that the target board is powered up then
use the disconnect_hw_server and connect_hw_server to re-register this hardware target.
ERROR: [Common 17-39] 'open_hw_target' failed due to earlier errors.
reset_run impl_1 -prev_step 
launch_runs impl_1 -to_step write_bitstream
[Thu May 02 14:20:58 2024] Launched impl_1...
Run output will be captured here: C:/Users/jonat/OneDrive/Desktop/CECS-361-8BitRiscProcessor/DIEGO/WITH CU AND DECODER/project_final.runs/impl_1/runme.log
exit
INFO: [Common 17-206] Exiting Vivado at Thu May 02 14:22:23 2024...
